<?xml version="1.0" encoding="UTF-8"?>
<testsuite xmlns:xsi="http://www.w3.org/2001/XMLSchema-instance" xsi:noNamespaceSchemaLocation="https://maven.apache.org/surefire/maven-surefire-plugin/xsd/surefire-test-report-3.0.xsd" version="3.0" name="com.zztr.item.tr03802.AppTest" time="0.356" tests="2" errors="0" skipped="0" failures="0">
  <properties>
[...]
</properties>
  <testcase name="testApp" classname="com.zztr.item.tr03802.AppTest" time="0.001"/>
  <testcase name="testQuery" classname="com.zztr.item.tr03802.AppTest" time="0.342">
    <system-out><![CDATA[10
ACCOUNTING
NEW YORK
20
RESEARCH
DALLAS
30
SALES
CHICAGO
40
OPERATIONS
BOSTON
]]></system-out>
  </testcase>
</testsuite>